# JRE version: Java(TM) SE Runtime Environment (8.0_65-b17) (build 1.8.0_65-b17)
# Java VM: Java HotSpot(TM) 64-Bit Server VM (25.65-b01 mixed mode windows-amd64 compressed oops)
Heap:
 PSYoungGen      total 374784K, used 112954K [0x0000000780000000, 0x000000079bc00000, 0x00000007c0000000)
  eden space 301568K, 27% used [0x0000000780000000,0x00000007851d9720,0x0000000792680000)
  from space 73216K, 39% used [0x0000000792680000,0x00000007942f5228,0x0000000796e00000)
  to   space 63488K, 0% used [0x0000000796e00000,0x0000000796e00000,0x000000079ac00000)
 ParOldGen       total 167936K, used 82356K [0x0000000700000000, 0x000000070a400000, 0x0000000780000000)
  object space 167936K, 49% used [0x0000000700000000,0x000000070506d018,0x000000070a400000)
 Metaspace       used 66172K, capacity 68248K, committed 68776K, reserved 1110016K
  class space    used 8441K, capacity 8988K, committed 9128K, reserved 1048576K
GC Heap History (10 events):
Event: 132.021 GC heap before
{Heap before GC invocations=25 (full 3):
 PSYoungGen      total 300544K, used 288508K [0x0000000780000000, 0x0000000797800000, 0x00000007c0000000)
  eden space 251392K, 100% used [0x0000000780000000,0x000000078f580000,0x000000078f580000)
  from space 49152K, 75% used [0x000000078f580000,0x00000007919bf130,0x0000000792580000)
  to   space 52736K, 0% used [0x0000000794480000,0x0000000794480000,0x0000000797800000)
 ParOldGen       total 82432K, used 58874K [0x0000000700000000, 0x0000000705080000, 0x0000000780000000)
  object space 82432K, 71% used [0x0000000700000000,0x000000070397ea38,0x0000000705080000)
 Metaspace       used 55803K, capacity 57926K, committed 58280K, reserved 1099776K
  class space    used 7450K, capacity 7991K, committed 8104K, reserved 1048576K
Event: 132.088 GC heap after
Heap after GC invocations=25 (full 3):
 PSYoungGen      total 326656K, used 45093K [0x0000000780000000, 0x0000000798e80000, 0x00000007c0000000)
  eden space 273920K, 0% used [0x0000000780000000,0x0000000780000000,0x0000000790b80000)
  from space 52736K, 85% used [0x0000000794480000,0x00000007970894d0,0x0000000797800000)
  to   space 58368K, 0% used [0x0000000790b80000,0x0000000790b80000,0x0000000794480000)
 ParOldGen       total 82432K, used 58882K [0x0000000700000000, 0x0000000705080000, 0x0000000780000000)
  object space 82432K, 71% used [0x0000000700000000,0x0000000703980a38,0x0000000705080000)
 Metaspace       used 55803K, capacity 57926K, committed 58280K, reserved 1099776K
  class space    used 7450K, capacity 7991K, committed 8104K, reserved 1048576K
}
Event: 158.193 GC heap before
{Heap before GC invocations=26 (full 3):
 PSYoungGen      total 326656K, used 319013K [0x0000000780000000, 0x0000000798e80000, 0x00000007c0000000)
  eden space 273920K, 100% used [0x0000000780000000,0x0000000790b80000,0x0000000790b80000)
  from space 52736K, 85% used [0x0000000794480000,0x00000007970894d0,0x0000000797800000)
  to   space 58368K, 0% used [0x0000000790b80000,0x0000000790b80000,0x0000000794480000)
 ParOldGen       total 82432K, used 58882K [0x0000000700000000, 0x0000000705080000, 0x0000000780000000)
  object space 82432K, 71% used [0x0000000700000000,0x0000000703980a38,0x0000000705080000)
 Metaspace       used 61911K, capacity 64088K, committed 64296K, reserved 1105920K
  class space    used 8114K, capacity 8676K, committed 8744K, reserved 1048576K
Event: 158.247 GC heap after
Heap after GC invocations=26 (full 3):
 PSYoungGen      total 332288K, used 47625K [0x0000000780000000, 0x000000079ac00000, 0x00000007c0000000)
  eden space 273920K, 0% used [0x0000000780000000,0x0000000780000000,0x0000000790b80000)
  from space 58368K, 81% used [0x0000000790b80000,0x0000000793a02658,0x0000000794480000)
  to   space 63488K, 0% used [0x0000000796e00000,0x0000000796e00000,0x000000079ac00000)
 ParOldGen       total 82432K, used 58898K [0x0000000700000000, 0x0000000705080000, 0x0000000780000000)
  object space 82432K, 71% used [0x0000000700000000,0x0000000703984a38,0x0000000705080000)
 Metaspace       used 61911K, capacity 64088K, committed 64296K, reserved 1105920K
  class space    used 8114K, capacity 8676K, committed 8744K, reserved 1048576K
}
Event: 179.127 GC heap before
{Heap before GC invocations=27 (full 3):
 PSYoungGen      total 332288K, used 321545K [0x0000000780000000, 0x000000079ac00000, 0x00000007c0000000)
  eden space 273920K, 100% used [0x0000000780000000,0x0000000790b80000,0x0000000790b80000)
  from space 58368K, 81% used [0x0000000790b80000,0x0000000793a02658,0x0000000794480000)
  to   space 63488K, 0% used [0x0000000796e00000,0x0000000796e00000,0x000000079ac00000)
 ParOldGen       total 82432K, used 58898K [0x0000000700000000, 0x0000000705080000, 0x0000000780000000)
  object space 82432K, 71% used [0x0000000700000000,0x0000000703984a38,0x0000000705080000)
 Metaspace       used 65854K, capacity 68110K, committed 68264K, reserved 1107968K
  class space    used 8453K, capacity 9006K, committed 9128K, reserved 1048576K
Event: 179.236 GC heap after
Heap after GC invocations=27 (full 3):
 PSYoungGen      total 365056K, used 62218K [0x0000000780000000, 0x000000079bc00000, 0x00000007c0000000)
  eden space 301568K, 0% used [0x0000000780000000,0x0000000780000000,0x0000000792680000)
  from space 63488K, 98% used [0x0000000796e00000,0x000000079aac2b20,0x000000079ac00000)
  to   space 73216K, 0% used [0x0000000792680000,0x0000000792680000,0x0000000796e00000)
 ParOldGen       total 82432K, used 58906K [0x0000000700000000, 0x0000000705080000, 0x0000000780000000)
  object space 82432K, 71% used [0x0000000700000000,0x0000000703986a38,0x0000000705080000)
 Metaspace       used 65854K, capacity 68110K, committed 68264K, reserved 1107968K
  class space    used 8453K, capacity 9006K, committed 9128K, reserved 1048576K
}
Event: 181.222 GC heap before
{Heap before GC invocations=28 (full 3):
 PSYoungGen      total 365056K, used 363786K [0x0000000780000000, 0x000000079bc00000, 0x00000007c0000000)
  eden space 301568K, 100% used [0x0000000780000000,0x0000000792680000,0x0000000792680000)
  from space 63488K, 98% used [0x0000000796e00000,0x000000079aac2b20,0x000000079ac00000)
  to   space 73216K, 0% used [0x0000000792680000,0x0000000792680000,0x0000000796e00000)
 ParOldGen       total 82432K, used 58906K [0x0000000700000000, 0x0000000705080000, 0x0000000780000000)
  object space 82432K, 71% used [0x0000000700000000,0x0000000703986a38,0x0000000705080000)
 Metaspace       used 66362K, capacity 68590K, committed 68776K, reserved 1110016K
  class space    used 8468K, capacity 9038K, committed 9128K, reserved 1048576K
Event: 181.376 GC heap after
Heap after GC invocations=28 (full 3):
 PSYoungGen      total 374784K, used 73196K [0x0000000780000000, 0x000000079bc00000, 0x00000007c0000000)
  eden space 301568K, 0% used [0x0000000780000000,0x0000000780000000,0x0000000792680000)
  from space 73216K, 99% used [0x0000000792680000,0x0000000796dfb010,0x0000000796e00000)
  to   space 63488K, 0% used [0x0000000796e00000,0x0000000796e00000,0x000000079ac00000)
 ParOldGen       total 82432K, used 76592K [0x0000000700000000, 0x0000000705080000, 0x0000000780000000)
  object space 82432K, 92% used [0x0000000700000000,0x0000000704acc210,0x0000000705080000)
 Metaspace       used 66362K, capacity 68590K, committed 68776K, reserved 1110016K
  class space    used 8468K, capacity 9038K, committed 9128K, reserved 1048576K
}
Event: 181.376 GC heap before
{Heap before GC invocations=29 (full 4):
 PSYoungGen      total 374784K, used 73196K [0x0000000780000000, 0x000000079bc00000, 0x00000007c0000000)
  eden space 301568K, 0% used [0x0000000780000000,0x0000000780000000,0x0000000792680000)
  from space 73216K, 99% used [0x0000000792680000,0x0000000796dfb010,0x0000000796e00000)
  to   space 63488K, 0% used [0x0000000796e00000,0x0000000796e00000,0x000000079ac00000)
 ParOldGen       total 82432K, used 76592K [0x0000000700000000, 0x0000000705080000, 0x0000000780000000)
  object space 82432K, 92% used [0x0000000700000000,0x0000000704acc210,0x0000000705080000)
 Metaspace       used 66362K, capacity 68590K, committed 68776K, reserved 1110016K
  class space    used 8468K, capacity 9038K, committed 9128K, reserved 1048576K
Event: 182.103 GC heap after
Heap after GC invocations=29 (full 4):
 PSYoungGen      total 374784K, used 29140K [0x0000000780000000, 0x000000079bc00000, 0x00000007c0000000)
  eden space 301568K, 0% used [0x0000000780000000,0x0000000780000000,0x0000000792680000)
  from space 73216K, 39% used [0x0000000792680000,0x00000007942f5228,0x0000000796e00000)
  to   space 63488K, 0% used [0x0000000796e00000,0x0000000796e00000,0x000000079ac00000)
 ParOldGen       total 167936K, used 82356K [0x0000000700000000, 0x000000070a400000, 0x0000000780000000)
  object space 167936K, 49% used [0x0000000700000000,0x000000070506d018,0x000000070a400000)
 Metaspace       used 66126K, capacity 68184K, committed 68776K, reserved 1110016K
  class space    used 8438K, capacity 8988K, committed 9128K, reserved 1048576K
}

