# JRE version: Java(TM) SE Runtime Environment (8.0_65-b17) (build 1.8.0_65-b17)
# Java VM: Java HotSpot(TM) 64-Bit Server VM (25.65-b01 mixed mode windows-amd64 compressed oops)
Heap:
 PSYoungGen      total 366592K, used 266563K [0x0000000780000000, 0x000000079b400000, 0x00000007c0000000)
  eden space 328704K, 75% used [0x0000000780000000,0x000000078f157b40,0x0000000794100000)
  from space 37888K, 51% used [0x0000000794100000,0x00000007953f9388,0x0000000796600000)
  to   space 37376K, 0% used [0x0000000798f80000,0x0000000798f80000,0x000000079b400000)
 ParOldGen       total 182272K, used 101456K [0x0000000700000000, 0x000000070b200000, 0x0000000780000000)
  object space 182272K, 55% used [0x0000000700000000,0x00000007063143e0,0x000000070b200000)
 Metaspace       used 64694K, capacity 67296K, committed 67584K, reserved 1107968K
  class space    used 8410K, capacity 9054K, committed 9216K, reserved 1048576K
GC Heap History (10 events):
Event: 128.995 GC heap before
{Heap before GC invocations=29 (full 3):
 PSYoungGen      total 274432K, used 263849K [0x0000000780000000, 0x0000000794700000, 0x00000007c0000000)
  eden space 254464K, 100% used [0x0000000780000000,0x000000078f880000,0x000000078f880000)
  from space 19968K, 47% used [0x000000078f880000,0x00000007901aa720,0x0000000790c00000)
  to   space 19456K, 0% used [0x0000000793400000,0x0000000793400000,0x0000000794700000)
 ParOldGen       total 73728K, used 59031K [0x0000000700000000, 0x0000000704800000, 0x0000000780000000)
  object space 73728K, 80% used [0x0000000700000000,0x00000007039a5df0,0x0000000704800000)
 Metaspace       used 61544K, capacity 64326K, committed 64384K, reserved 1105920K
  class space    used 8129K, capacity 8800K, committed 8832K, reserved 1048576K
Event: 129.046 GC heap after
Heap after GC invocations=29 (full 3):
 PSYoungGen      total 308224K, used 19453K [0x0000000780000000, 0x0000000794700000, 0x00000007c0000000)
  eden space 288768K, 0% used [0x0000000780000000,0x0000000780000000,0x0000000791a00000)
  from space 19456K, 99% used [0x0000000793400000,0x00000007946ff408,0x0000000794700000)
  to   space 23040K, 0% used [0x0000000791a00000,0x0000000791a00000,0x0000000793080000)
 ParOldGen       total 73728K, used 60617K [0x0000000700000000, 0x0000000704800000, 0x0000000780000000)
  object space 73728K, 82% used [0x0000000700000000,0x0000000703b324b8,0x0000000704800000)
 Metaspace       used 61544K, capacity 64326K, committed 64384K, reserved 1105920K
  class space    used 8129K, capacity 8800K, committed 8832K, reserved 1048576K
}
Event: 136.619 GC heap before
{Heap before GC invocations=30 (full 3):
 PSYoungGen      total 308224K, used 308221K [0x0000000780000000, 0x0000000794700000, 0x00000007c0000000)
  eden space 288768K, 100% used [0x0000000780000000,0x0000000791a00000,0x0000000791a00000)
  from space 19456K, 99% used [0x0000000793400000,0x00000007946ff408,0x0000000794700000)
  to   space 23040K, 0% used [0x0000000791a00000,0x0000000791a00000,0x0000000793080000)
 ParOldGen       total 73728K, used 60617K [0x0000000700000000, 0x0000000704800000, 0x0000000780000000)
  object space 73728K, 82% used [0x0000000700000000,0x0000000703b324b8,0x0000000704800000)
 Metaspace       used 62312K, capacity 65186K, committed 65280K, reserved 1105920K
  class space    used 8206K, capacity 8890K, committed 8960K, reserved 1048576K
Event: 136.680 GC heap after
Heap after GC invocations=30 (full 3):
 PSYoungGen      total 311808K, used 23039K [0x0000000780000000, 0x0000000798b80000, 0x00000007c0000000)
  eden space 288768K, 0% used [0x0000000780000000,0x0000000780000000,0x0000000791a00000)
  from space 23040K, 99% used [0x0000000791a00000,0x000000079307fc08,0x0000000793080000)
  to   space 38400K, 0% used [0x0000000796600000,0x0000000796600000,0x0000000798b80000)
 ParOldGen       total 92160K, used 92066K [0x0000000700000000, 0x0000000705a00000, 0x0000000780000000)
  object space 92160K, 99% used [0x0000000700000000,0x00000007059e8828,0x0000000705a00000)
 Metaspace       used 62312K, capacity 65186K, committed 65280K, reserved 1105920K
  class space    used 8206K, capacity 8890K, committed 8960K, reserved 1048576K
}
Event: 136.680 GC heap before
{Heap before GC invocations=31 (full 4):
 PSYoungGen      total 311808K, used 23039K [0x0000000780000000, 0x0000000798b80000, 0x00000007c0000000)
  eden space 288768K, 0% used [0x0000000780000000,0x0000000780000000,0x0000000791a00000)
  from space 23040K, 99% used [0x0000000791a00000,0x000000079307fc08,0x0000000793080000)
  to   space 38400K, 0% used [0x0000000796600000,0x0000000796600000,0x0000000798b80000)
 ParOldGen       total 92160K, used 92066K [0x0000000700000000, 0x0000000705a00000, 0x0000000780000000)
  object space 92160K, 99% used [0x0000000700000000,0x00000007059e8828,0x0000000705a00000)
 Metaspace       used 62312K, capacity 65186K, committed 65280K, reserved 1105920K
  class space    used 8206K, capacity 8890K, committed 8960K, reserved 1048576K
Event: 137.365 GC heap after
Heap after GC invocations=31 (full 4):
 PSYoungGen      total 311808K, used 9639K [0x0000000780000000, 0x0000000798b80000, 0x00000007c0000000)
  eden space 288768K, 0% used [0x0000000780000000,0x0000000780000000,0x0000000791a00000)
  from space 23040K, 41% used [0x0000000791a00000,0x0000000792369d80,0x0000000793080000)
  to   space 38400K, 0% used [0x0000000796600000,0x0000000796600000,0x0000000798b80000)
 ParOldGen       total 182272K, used 91740K [0x0000000700000000, 0x000000070b200000, 0x0000000780000000)
  object space 182272K, 50% used [0x0000000700000000,0x00000007059970e8,0x000000070b200000)
 Metaspace       used 62177K, capacity 64780K, committed 65280K, reserved 1105920K
  class space    used 8166K, capacity 8820K, committed 8960K, reserved 1048576K
}
Event: 142.751 GC heap before
{Heap before GC invocations=32 (full 4):
 PSYoungGen      total 311808K, used 298407K [0x0000000780000000, 0x0000000798b80000, 0x00000007c0000000)
  eden space 288768K, 100% used [0x0000000780000000,0x0000000791a00000,0x0000000791a00000)
  from space 23040K, 41% used [0x0000000791a00000,0x0000000792369d80,0x0000000793080000)
  to   space 38400K, 0% used [0x0000000796600000,0x0000000796600000,0x0000000798b80000)
 ParOldGen       total 182272K, used 91740K [0x0000000700000000, 0x000000070b200000, 0x0000000780000000)
  object space 182272K, 50% used [0x0000000700000000,0x00000007059970e8,0x000000070b200000)
 Metaspace       used 62676K, capacity 65260K, committed 65536K, reserved 1105920K
  class space    used 8213K, capacity 8852K, committed 8960K, reserved 1048576K
Event: 142.800 GC heap after
Heap after GC invocations=32 (full 4):
 PSYoungGen      total 367104K, used 18554K [0x0000000780000000, 0x0000000798d80000, 0x00000007c0000000)
  eden space 328704K, 0% used [0x0000000780000000,0x0000000780000000,0x0000000794100000)
  from space 38400K, 48% used [0x0000000796600000,0x000000079781ea98,0x0000000798b80000)
  to   space 37888K, 0% used [0x0000000794100000,0x0000000794100000,0x0000000796600000)
 ParOldGen       total 182272K, used 96635K [0x0000000700000000, 0x000000070b200000, 0x0000000780000000)
  object space 182272K, 53% used [0x0000000700000000,0x0000000705e5efd0,0x000000070b200000)
 Metaspace       used 62676K, capacity 65260K, committed 65536K, reserved 1105920K
  class space    used 8213K, capacity 8852K, committed 8960K, reserved 1048576K
}
Event: 162.382 GC heap before
{Heap before GC invocations=33 (full 4):
 PSYoungGen      total 367104K, used 347258K [0x0000000780000000, 0x0000000798d80000, 0x00000007c0000000)
  eden space 328704K, 100% used [0x0000000780000000,0x0000000794100000,0x0000000794100000)
  from space 38400K, 48% used [0x0000000796600000,0x000000079781ea98,0x0000000798b80000)
  to   space 37888K, 0% used [0x0000000794100000,0x0000000794100000,0x0000000796600000)
 ParOldGen       total 182272K, used 96635K [0x0000000700000000, 0x000000070b200000, 0x0000000780000000)
  object space 182272K, 53% used [0x0000000700000000,0x0000000705e5efd0,0x000000070b200000)
 Metaspace       used 64668K, capacity 67272K, committed 67456K, reserved 1107968K
  class space    used 8408K, capacity 9050K, committed 9088K, reserved 1048576K
Event: 162.413 GC heap after
Heap after GC invocations=33 (full 4):
 PSYoungGen      total 366592K, used 19428K [0x0000000780000000, 0x000000079b400000, 0x00000007c0000000)
  eden space 328704K, 0% used [0x0000000780000000,0x0000000780000000,0x0000000794100000)
  from space 37888K, 51% used [0x0000000794100000,0x00000007953f9388,0x0000000796600000)
  to   space 37376K, 0% used [0x0000000798f80000,0x0000000798f80000,0x000000079b400000)
 ParOldGen       total 182272K, used 101456K [0x0000000700000000, 0x000000070b200000, 0x0000000780000000)
  object space 182272K, 55% used [0x0000000700000000,0x00000007063143e0,0x000000070b200000)
 Metaspace       used 64668K, capacity 67272K, committed 67456K, reserved 1107968K
  class space    used 8408K, capacity 9050K, committed 9088K, reserved 1048576K
}

